<?xml version="1.0" encoding="UTF-8"?>
<testsuite name="ru.stqa.pft.addressbook.tests.GroupDeletingTests" tests="1" skipped="0" failures="0" errors="0" timestamp="2022-07-11T19:22:20" hostname="ОЛЕНЬКА-ПК" time="1.267">
  <properties/>
  <testcase name="testGroupDeleting" classname="ru.stqa.pft.addressbook.tests.GroupDeletingTests" time="1.267"/>
  <system-out><![CDATA[]]></system-out>
  <system-err><![CDATA[Starting ChromeDriver 103.0.5060.53 (a1711811edd74ff1cf2150f36ffa3b0dae40b17f-refs/branch-heads/5060@{#853}) on port 56585
Only local connections are allowed.
Please see https://chromedriver.chromium.org/security-considerations for suggestions on keeping ChromeDriver safe.
ChromeDriver was started successfully.
июл. 11, 2022 11:22:18 PM org.openqa.selenium.remote.ProtocolHandshake createSession
INFO: Detected upstream dialect: W3C
июл. 11, 2022 11:22:18 PM org.openqa.selenium.devtools.CdpVersionFinder findNearestMatch
INFO: Found exact CDP implementation for version 103
]]></system-err>
</testsuite>
